ca65 V2.11.0 - (C) Copyright 1998-2005 Ullrich von Bassewitz
Main file   : D:\c64\CARLOSCO\experimental\random_fade\randfade.s
Current file: D:\c64\CARLOSCO\experimental\random_fade\randfade.s

000000r 1               ;
000000r 1               ; File generated by cc65 v 2.11.0
000000r 1               ;
000000r 1               	.fopt		compiler,"cc65 v 2.11.0"
000000r 1               	.setcpu		"6502"
000000r 1               	.smart		on
000000r 1               	.autoimport	on
000000r 1               	.case		on
000000r 1               	.debuginfo	off
000000r 1               	.importzp	sp, sreg, regsave, regbank, tmp1, ptr1, ptr2
000000r 1               	.macpack	longbranch
000000r 1               	.import		_kbhit
000000r 1               	.import		_cputcxy
000000r 1               	.import		_cgetc
000000r 1               	.import		_screensize
000000r 1               	.import		_malloc
000000r 1               	.import		_free
000000r 1               	.import		_rand
000000r 1               	.import		_srand
000000r 1               	.export		_main
000000r 1               
000000r 1               ; ---------------------------------------------------------------
000000r 1               ; void __near__ main (void)
000000r 1               ; ---------------------------------------------------------------
000000r 1               
000000r 1               .segment	"CODE"
000000r 1               
000000r 1               .proc	_main: near
000000r 1               
000000r 1               .segment	"CODE"
000000r 1               
000000r 1  A0 0E        	ldy     #$0E
000002r 1  20 rr rr     	jsr     subysp
000005r 1  A9 01        	lda     #$01
000007r 1  20 rr rr     	jsr     leaasp
00000Ar 1  20 rr rr     	jsr     pushax
00000Dr 1  A9 02        	lda     #$02
00000Fr 1  20 rr rr     	jsr     leaasp
000012r 1  20 rr rr     	jsr     _screensize
000015r 1  A0 01        	ldy     #$01
000017r 1  A2 00        	ldx     #$00
000019r 1  B1 rr        	lda     (sp),y
00001Br 1  20 rr rr     	jsr     pushax
00001Er 1  A0 02        	ldy     #$02
000020r 1  B1 rr        	lda     (sp),y
000022r 1  20 rr rr     	jsr     tosumulax
000025r 1  A0 0A        	ldy     #$0A
000027r 1  20 rr rr     	jsr     staxysp
00002Ar 1  A0 01        	ldy     #$01
00002Cr 1  A2 00        	ldx     #$00
00002Er 1  B1 rr        	lda     (sp),y
000030r 1  20 rr rr     	jsr     pushax
000033r 1  A0 02        	ldy     #$02
000035r 1  B1 rr        	lda     (sp),y
000037r 1  20 rr rr     	jsr     tosumulax
00003Ar 1  20 rr rr     	jsr     shlax1
00003Dr 1  20 rr rr     	jsr     _malloc
000040r 1  A0 04        	ldy     #$04
000042r 1  20 rr rr     	jsr     staxysp
000045r 1  A2 00        	ldx     #$00
000047r 1  A9 01        	lda     #$01
000049r 1  20 rr rr     	jsr     _srand
00004Cr 1  A2 00        	ldx     #$00
00004Er 1  8A           	txa
00004Fr 1  A0 08        L0042:	ldy     #$08
000051r 1  20 rr rr     	jsr     staxysp
000054r 1  A0 0B        	ldy     #$0B
000056r 1  20 rr rr     	jsr     pushwysp
000059r 1  A0 03        	ldy     #$03
00005Br 1  A2 00        	ldx     #$00
00005Dr 1  B1 rr        	lda     (sp),y
00005Fr 1  20 rr rr     	jsr     pushax
000062r 1  A0 04        	ldy     #$04
000064r 1  B1 rr        	lda     (sp),y
000066r 1  20 rr rr     	jsr     tosumulax
000069r 1  20 rr rr     	jsr     tosicmp
00006Cr 1  B0 2F        	bcs     L0010
00006Er 1  A0 07        	ldy     #$07
000070r 1  20 rr rr     	jsr     pushwysp
000073r 1  A0 0B        	ldy     #$0B
000075r 1  20 rr rr     	jsr     ldaxysp
000078r 1  20 rr rr     	jsr     aslax1
00007Br 1  20 rr rr     	jsr     tosaddax
00007Er 1  85 rr        	sta     sreg
000080r 1  86 rr        	stx     sreg+1
000082r 1  A0 09        	ldy     #$09
000084r 1  20 rr rr     	jsr     ldaxysp
000087r 1  A0 00        	ldy     #$00
000089r 1  91 rr        	sta     (sreg),y
00008Br 1  C8           	iny
00008Cr 1  8A           	txa
00008Dr 1  91 rr        	sta     (sreg),y
00008Fr 1  A0 09        	ldy     #$09
000091r 1  20 rr rr     	jsr     ldaxysp
000094r 1  18           	clc
000095r 1  69 01        	adc     #$01
000097r 1  90 B6        	bcc     L0042
000099r 1  E8           	inx
00009Ar 1  4C rr rr     	jmp     L0042
00009Dr 1  A0 0B        L0010:	ldy     #$0B
00009Fr 1  20 rr rr     	jsr     ldaxysp
0000A2r 1  A0 00        	ldy     #$00
0000A4r 1  84 rr        	sty     sreg
0000A6r 1  84 rr        	sty     sreg+1
0000A8r 1  20 rr rr     	jsr     pusheax
0000ABr 1  20 rr rr     	jsr     _rand
0000AEr 1  20 rr rr     	jsr     axlong
0000B1r 1  20 rr rr     	jsr     tosumuleax
0000B4r 1  20 rr rr     	jsr     pusheax
0000B7r 1  A9 0F        	lda     #$0F
0000B9r 1  20 rr rr     	jsr     tosshreax
0000BCr 1  A0 0C        	ldy     #$0C
0000BEr 1  20 rr rr     	jsr     staxysp
0000C1r 1  A2 00        	ldx     #$00
0000C3r 1  A9 01        	lda     #$01
0000C5r 1  A0 0A        	ldy     #$0A
0000C7r 1  20 rr rr     	jsr     subeqysp
0000CAr 1  A0 07        	ldy     #$07
0000CCr 1  20 rr rr     	jsr     pushwysp
0000CFr 1  A0 0F        	ldy     #$0F
0000D1r 1  20 rr rr     	jsr     ldaxysp
0000D4r 1  20 rr rr     	jsr     aslax1
0000D7r 1  20 rr rr     	jsr     tosaddax
0000DAr 1  A0 01        	ldy     #$01
0000DCr 1  20 rr rr     	jsr     ldaxidx
0000DFr 1  A0 06        	ldy     #$06
0000E1r 1  20 rr rr     	jsr     staxysp
0000E4r 1  20 rr rr     	jsr     pushax
0000E7r 1  A0 03        	ldy     #$03
0000E9r 1  A2 00        	ldx     #$00
0000EBr 1  B1 rr        	lda     (sp),y
0000EDr 1  20 rr rr     	jsr     tosumodax
0000F0r 1  A0 03        	ldy     #$03
0000F2r 1  91 rr        	sta     (sp),y
0000F4r 1  A0 09        	ldy     #$09
0000F6r 1  20 rr rr     	jsr     pushwysp
0000F9r 1  A0 03        	ldy     #$03
0000FBr 1  A2 00        	ldx     #$00
0000FDr 1  B1 rr        	lda     (sp),y
0000FFr 1  20 rr rr     	jsr     tosudivax
000102r 1  A0 02        	ldy     #$02
000104r 1  91 rr        	sta     (sp),y
000106r 1  20 rr rr     	jsr     decsp2
000109r 1  A0 05        	ldy     #$05
00010Br 1  B1 rr        	lda     (sp),y
00010Dr 1  A0 01        	ldy     #$01
00010Fr 1  91 rr        	sta     (sp),y
000111r 1  A0 04        	ldy     #$04
000113r 1  B1 rr        	lda     (sp),y
000115r 1  A0 00        	ldy     #$00
000117r 1  91 rr        	sta     (sp),y
000119r 1  A9 2A        	lda     #$2A
00011Br 1  20 rr rr     	jsr     _cputcxy
00011Er 1  A0 07        	ldy     #$07
000120r 1  20 rr rr     	jsr     pushwysp
000123r 1  A0 0F        	ldy     #$0F
000125r 1  20 rr rr     	jsr     ldaxysp
000128r 1  20 rr rr     	jsr     aslax1
00012Br 1  20 rr rr     	jsr     tosaddax
00012Er 1  20 rr rr     	jsr     pushax
000131r 1  A0 11        	ldy     #$11
000133r 1  20 rr rr     	jsr     pushwysp
000136r 1  A0 0F        	ldy     #$0F
000138r 1  20 rr rr     	jsr     ldaxysp
00013Br 1  20 rr rr     	jsr     tosicmp
00013Er 1  F0 13        	beq     L0031
000140r 1  A0 09        	ldy     #$09
000142r 1  20 rr rr     	jsr     pushwysp
000145r 1  A0 0F        	ldy     #$0F
000147r 1  20 rr rr     	jsr     ldaxysp
00014Ar 1  20 rr rr     	jsr     aslax1
00014Dr 1  20 rr rr     	jsr     tosaddax
000150r 1  4C rr rr     	jmp     L0041
000153r 1  A0 07        L0031:	ldy     #$07
000155r 1  20 rr rr     	jsr     ldaxysp
000158r 1  A0 01        L0041:	ldy     #$01
00015Ar 1  20 rr rr     	jsr     ldaxidx
00015Dr 1  A0 00        	ldy     #$00
00015Fr 1  20 rr rr     	jsr     staxspidx
000162r 1  A0 0A        	ldy     #$0A
000164r 1  B1 rr        	lda     (sp),y
000166r 1  C8           	iny
000167r 1  11 rr        	ora     (sp),y
000169r 1  F0 03 4C rr  	jne     L0010
00016Dr 1  rr           
00016Er 1  20 rr rr     L001C:	jsr     _kbhit
000171r 1  AA           	tax
000172r 1  F0 FA        	beq     L001C
000174r 1  20 rr rr     	jsr     _cgetc
000177r 1  A0 05        	ldy     #$05
000179r 1  20 rr rr     	jsr     ldaxysp
00017Cr 1  20 rr rr     	jsr     _free
00017Fr 1  A0 0E        	ldy     #$0E
000181r 1  4C rr rr     	jmp     addysp
000184r 1               
000184r 1               .endproc
000184r 1               
000184r 1               
