ca65 V2.10.5 - (C) Copyright 1998-2004 Ullrich von Bassewitz
Main file   : ../intro/intro.s
Current file: ../intro/intro.s

000000r 1               ;
000000r 1               ; File generated by cc65 v 2.10.5
000000r 1               ;
000000r 1               	.fopt		compiler,"cc65 v 2.10.5"
000000r 1               	.setcpu		"65C02"
000000r 1               	.smart		on
000000r 1               	.autoimport	on
000000r 1               	.case		on
000000r 1               	.debuginfo	off
000000r 1               	.importzp	sp, sreg, regsave, regbank, tmp1, ptr1, ptr2
000000r 1               	.macpack	longbranch
000000r 1               	.import		_tgi_install
000000r 1               	.import		_tgi_clear
000000r 1               	.import		_tgi_setdrawpage
000000r 1               	.import		_tgi_setcolor
000000r 1               	.import		_tgi_setpalette
000000r 1               	.import		_tgi_getdefpalette
000000r 1               	.import		_tgi_bar
000000r 1               	.import		_tgi_outtextxy
000000r 1               	.import		_tgi_ioctl
000000r 1               	.import		_joy_install
000000r 1               	.import		_kbhit
000000r 1               	.import		_cgetc
000000r 1               	.import		_silence
000000r 1               	.import		_lynxtgi
000000r 1               	.import		_lynxjoy
000000r 1               	.import		_init_irq
000000r 1               	.import		_install_irq
000000r 1               	.import		_vbl
000000r 1               	.import		_drawPending
000000r 1               	.import		_drawpage
000000r 1               	.export		_a
000000r 1               	.export		_dummy
000000r 1               	.export		_intro
000000r 1               	.export		_start_irqs
000000r 1               
000000r 1               .segment	"INTRO_DATA"
000000r 1               
000000r 1               _a:
000000r 1  01           	.byte	$01
000001r 1               _dummy:
000001r 1  rr rr        	.addr	L0001
000003r 1               
000003r 1               .segment	"INTRO_RODATA"
000000r 1               
000000r 1               L0001:
000000r 1  64 75 6D 6D  	.byte	$64,$75,$6D,$6D,$79,$00,$49,$6E,$74,$72,$6F,$20,$73,$63,$72,$65
000004r 1  79 00 49 6E  
000008r 1  74 72 6F 20  
000010r 1  65 6E 00 4E  	.byte	$65,$6E,$00,$4E,$6F,$74,$20,$76,$65,$72,$79,$20,$63,$6F,$6F,$6C
000014r 1  6F 74 20 76  
000018r 1  65 72 79 20  
000020r 1  2E 2E 2E 00  	.byte	$2E,$2E,$2E,$00,$43,$72,$65,$61,$74,$65,$64,$20,$62,$79,$20,$4B
000024r 1  43 72 65 61  
000028r 1  74 65 64 20  
000030r 1  61 72 72 69  	.byte	$61,$72,$72,$69,$00,$75,$73,$69,$6E,$67,$20,$74,$68,$65,$20,$63
000034r 1  00 75 73 69  
000038r 1  6E 67 20 74  
000040r 1  63 36 35 2E  	.byte	$63,$36,$35,$2E,$6F,$72,$67,$00,$63,$6F,$6D,$70,$69,$6C,$65,$72
000044r 1  6F 72 67 00  
000048r 1  63 6F 6D 70  
000050r 1  00 50 72 65  	.byte	$00,$50,$72,$65,$73,$73,$20,$4F,$70,$74,$31,$20,$74,$6F,$20,$73
000054r 1  73 73 20 4F  
000058r 1  70 74 31 20  
000060r 1  74 61 72 74  	.byte	$74,$61,$72,$74,$00
000064r 1  00           
000065r 1               
000065r 1               ; ---------------------------------------------------------------
000065r 1               ; int __near__ intro (void)
000065r 1               ; ---------------------------------------------------------------
000065r 1               
000065r 1               .segment	"INTRO_CODE"
000000r 1               
000000r 1               .proc	_intro: near
000000r 1               
000000r 1               .segment	"INTRO_CODE"
000000r 1               
000000r 1  AD rr rr     L0007:	lda     _drawPending
000003r 1  D0 FB        	bne     L0007
000005r 1  20 rr rr     	jsr     _tgi_clear
000008r 1  A9 01        	lda     #$01
00000Ar 1  8D rr rr     	sta     _drawPending
00000Dr 1  AD rr rr     L000D:	lda     _drawPending
000010r 1  D0 FB        	bne     L000D
000012r 1  20 rr rr     L000E:	jsr     _tgi_getdefpalette
000015r 1  20 rr rr     	jsr     _tgi_setpalette
000018r 1  A9 0F        	lda     #$0F
00001Ar 1  20 rr rr     	jsr     _tgi_setcolor
00001Dr 1  20 rr rr     	jsr     decsp6
000020r 1  A9 00        	lda     #$00
000022r 1  A0 04        	ldy     #$04
000024r 1  91 rr        	sta     (sp),y
000026r 1  C8           	iny
000027r 1  91 rr        	sta     (sp),y
000029r 1  A0 02        	ldy     #$02
00002Br 1  91 rr        	sta     (sp),y
00002Dr 1  C8           	iny
00002Er 1  91 rr        	sta     (sp),y
000030r 1  A9 9F        	lda     #$9F
000032r 1  92 rr        	sta     (sp)
000034r 1  A0 01        	ldy     #$01
000036r 1  A9 00        	lda     #$00
000038r 1  91 rr        	sta     (sp),y
00003Ar 1  AA           	tax
00003Br 1  A9 65        	lda     #$65
00003Dr 1  20 rr rr     	jsr     _tgi_bar
000040r 1  A9 02        	lda     #$02
000042r 1  20 rr rr     	jsr     _tgi_setcolor
000045r 1  20 rr rr     	jsr     decsp4
000048r 1  A9 00        	lda     #$00
00004Ar 1  A0 02        	ldy     #$02
00004Cr 1  91 rr        	sta     (sp),y
00004Er 1  C8           	iny
00004Fr 1  91 rr        	sta     (sp),y
000051r 1  92 rr        	sta     (sp)
000053r 1  A0 01        	ldy     #$01
000055r 1  91 rr        	sta     (sp),y
000057r 1  A9 rr        	lda     #<(L0001+6)
000059r 1  A2 rr        	ldx     #>(L0001+6)
00005Br 1  20 rr rr     	jsr     _tgi_outtextxy
00005Er 1  20 rr rr     	jsr     decsp4
000061r 1  A9 00        	lda     #$00
000063r 1  A0 02        	ldy     #$02
000065r 1  91 rr        	sta     (sp),y
000067r 1  C8           	iny
000068r 1  91 rr        	sta     (sp),y
00006Ar 1  A9 08        	lda     #$08
00006Cr 1  92 rr        	sta     (sp)
00006Er 1  A0 01        	ldy     #$01
000070r 1  A9 00        	lda     #$00
000072r 1  91 rr        	sta     (sp),y
000074r 1  A9 rr        	lda     #<(L0001+19)
000076r 1  A2 rr        	ldx     #>(L0001+19)
000078r 1  20 rr rr     	jsr     _tgi_outtextxy
00007Br 1  20 rr rr     	jsr     decsp4
00007Er 1  A9 00        	lda     #$00
000080r 1  A0 02        	ldy     #$02
000082r 1  91 rr        	sta     (sp),y
000084r 1  C8           	iny
000085r 1  91 rr        	sta     (sp),y
000087r 1  A9 10        	lda     #$10
000089r 1  92 rr        	sta     (sp)
00008Br 1  A0 01        	ldy     #$01
00008Dr 1  A9 00        	lda     #$00
00008Fr 1  91 rr        	sta     (sp),y
000091r 1  A9 rr        	lda     #<(L0001+36)
000093r 1  A2 rr        	ldx     #>(L0001+36)
000095r 1  20 rr rr     	jsr     _tgi_outtextxy
000098r 1  20 rr rr     	jsr     decsp4
00009Br 1  A9 00        	lda     #$00
00009Dr 1  A0 02        	ldy     #$02
00009Fr 1  91 rr        	sta     (sp),y
0000A1r 1  C8           	iny
0000A2r 1  91 rr        	sta     (sp),y
0000A4r 1  A9 18        	lda     #$18
0000A6r 1  92 rr        	sta     (sp)
0000A8r 1  A0 01        	ldy     #$01
0000AAr 1  A9 00        	lda     #$00
0000ACr 1  91 rr        	sta     (sp),y
0000AEr 1  A9 rr        	lda     #<(L0001+53)
0000B0r 1  A2 rr        	ldx     #>(L0001+53)
0000B2r 1  20 rr rr     	jsr     _tgi_outtextxy
0000B5r 1  20 rr rr     	jsr     decsp4
0000B8r 1  A9 00        	lda     #$00
0000BAr 1  A0 02        	ldy     #$02
0000BCr 1  91 rr        	sta     (sp),y
0000BEr 1  C8           	iny
0000BFr 1  91 rr        	sta     (sp),y
0000C1r 1  A9 20        	lda     #$20
0000C3r 1  92 rr        	sta     (sp)
0000C5r 1  A0 01        	ldy     #$01
0000C7r 1  A9 00        	lda     #$00
0000C9r 1  91 rr        	sta     (sp),y
0000CBr 1  A9 rr        	lda     #<(L0001+72)
0000CDr 1  A2 rr        	ldx     #>(L0001+72)
0000CFr 1  20 rr rr     	jsr     _tgi_outtextxy
0000D2r 1  20 rr rr     	jsr     decsp4
0000D5r 1  A9 00        	lda     #$00
0000D7r 1  A0 02        	ldy     #$02
0000D9r 1  91 rr        	sta     (sp),y
0000DBr 1  C8           	iny
0000DCr 1  91 rr        	sta     (sp),y
0000DEr 1  A9 30        	lda     #$30
0000E0r 1  92 rr        	sta     (sp)
0000E2r 1  A0 01        	ldy     #$01
0000E4r 1  A9 00        	lda     #$00
0000E6r 1  91 rr        	sta     (sp),y
0000E8r 1  A9 rr        	lda     #<(L0001+81)
0000EAr 1  A2 rr        	ldx     #>(L0001+81)
0000ECr 1  20 rr rr     	jsr     _tgi_outtextxy
0000EFr 1  A9 01        	lda     #$01
0000F1r 1  8D rr rr     	sta     _drawPending
0000F4r 1  AD rr rr     L0038:	lda     _drawPending
0000F7r 1  D0 FB        	bne     L0038
0000F9r 1  20 rr rr     L0039:	jsr     _kbhit
0000FCr 1  AA           	tax
0000FDr 1  F0 03 4C rr  	jne     L000E
000101r 1  rr           
000102r 1  20 rr rr     	jsr     _cgetc
000105r 1  C9 31        	cmp     #$31
000107r 1  F0 1A        	beq     L0042
000109r 1  C9 32        	cmp     #$32
00010Br 1  F0 1B        	beq     L0045
00010Dr 1  C9 33        	cmp     #$33
00010Fr 1  F0 1C        	beq     L0048
000111r 1  C9 3F        	cmp     #$3F
000113r 1  F0 1D        	beq     L004B
000115r 1  C9 46        	cmp     #$46
000117r 1  F0 23        	beq     L0051
000119r 1  C9 50        	cmp     #$50
00011Br 1  F0 1A        	beq     L004E
00011Dr 1  C9 52        	cmp     #$52
00011Fr 1  F0 28        	beq     L0056
000121r 1  80 D6        	bra     L0039
000123r 1  A2 00        L0042:	ldx     #$00
000125r 1  A9 08        	lda     #$08
000127r 1  60           	rts
000128r 1  A2 00        L0045:	ldx     #$00
00012Ar 1  A9 02        	lda     #$02
00012Cr 1  60           	rts
00012Dr 1  A2 00        L0048:	ldx     #$00
00012Fr 1  A9 02        	lda     #$02
000131r 1  60           	rts
000132r 1  A2 00        L004B:	ldx     #$00
000134r 1  A9 02        	lda     #$02
000136r 1  60           	rts
000137r 1  A2 00        L004E:	ldx     #$00
000139r 1  A9 02        	lda     #$02
00013Br 1  60           	rts
00013Cr 1  A9 01        L0051:	lda     #$01
00013Er 1  20 rr rr     	jsr     pusha
000141r 1  A2 00        	ldx     #$00
000143r 1  8A           	txa
000144r 1  20 rr rr     	jsr     _tgi_ioctl
000147r 1  80 B0        	bra     L0039
000149r 1  A2 00        L0056:	ldx     #$00
00014Br 1  A9 02        	lda     #$02
00014Dr 1  60           	rts
00014Er 1               
00014Er 1               .endproc
00014Er 1               
00014Er 1               ; ---------------------------------------------------------------
00014Er 1               ; void __near__ start_irqs (void)
00014Er 1               ; ---------------------------------------------------------------
00014Er 1               
00014Er 1               .segment	"INTRO_CODE"
00014Er 1               
00014Er 1               .proc	_start_irqs: near
00014Er 1               
00014Er 1               .segment	"INTRO_CODE"
00014Er 1               
00014Er 1  A9 rr        	lda     #<(_lynxtgi)
000150r 1  A2 rr        	ldx     #>(_lynxtgi)
000152r 1  20 rr rr     	jsr     _tgi_install
000155r 1  A9 rr        	lda     #<(_lynxjoy)
000157r 1  A2 rr        	ldx     #>(_lynxjoy)
000159r 1  20 rr rr     	jsr     _joy_install
00015Cr 1  AD rr rr     	lda     _drawpage
00015Fr 1  20 rr rr     	jsr     _tgi_setdrawpage
000162r 1  20 rr rr     	jsr     _silence
000165r 1  20 rr rr     	jsr     _init_irq
000168r 1  20 rr rr     	jsr     decsp3
00016Br 1  A9 02        	lda     #$02
00016Dr 1  A8           	tay
00016Er 1  91 rr        	sta     (sp),y
000170r 1  A9 rr        	lda     #<(_vbl)
000172r 1  A2 rr        	ldx     #>(_vbl)
000174r 1  92 rr        	sta     (sp)
000176r 1  88           	dey
000177r 1  8A           	txa
000178r 1  91 rr        	sta     (sp),y
00017Ar 1  20 rr rr     	jsr     _install_irq
00017Dr 1  A9 80        	lda     #$80
00017Fr 1  0C 09 FD     	tsb     $fd01+2*4
000182r 1  58           	cli
000183r 1  60           	rts
000184r 1               
000184r 1               .endproc
000184r 1               
000184r 1               
