ca65 V2.10.5 - (C) Copyright 1998-2004 Ullrich von Bassewitz
Main file   : ../resident/fadein.s
Current file: ../resident/fadein.s

000000r 1               ; ***
000000r 1               ; CC65 Lynx Library
000000r 1               ;
000000r 1               ; Shawn Jefferson, June 2004
000000r 1               ;
000000r 1               ; ***
000000r 1               ;
000000r 1               ; void __fastcall__ fade_in(char *pal, unsigned char interval)
000000r 1               ;
000000r 1               ; Fade in the palette from the current palette values in hardware
000000r 1               ; to the palette passed in, waiting (interval * 64us)*2 between palette
000000r 1               ; changes.  Make sure that an all black palette is in place already (use
000000r 1               ; _set_black_pal() to set it up) or wierd things will happen.
000000r 1               ;
000000r 1               ; This routine uses timer7 to time the interval between each palette change.
000000r 1               ; Make sure you aren't using timer7 for some other purpose when you call
000000r 1               ; this function.  We don't retain use of timer7 after exit.
000000r 1               ;
000000r 1               
000000r 1               		.include    "lynx.inc"
000000r 1               	.include "../resident/extzp.inc"
000000r 2               ; Lynx system hardware includes
000000r 2               ; Shawn Jefferson
000000r 2               ; June 18th, 2004
000000r 2               ;
000000r 2               ; Reference:
000000r 2               ;  Bastian Schick's Lynx Documentation
000000r 2               ;  http://www.geocities.com/SiliconValley/Byte/4242/lynx/
000000r 2               ;
000000r 2               
000000r 2               ; ***
000000r 2               ; *** Suzy Addresses
000000r 2               ; ***
000000r 2               
000000r 2               ; Sprite Control Block
000000r 2               
000000r 2               TMPADRL     = $FC00
000000r 2               TMPADRH     = $FC01
000000r 2               TILTACUML   = $FC02
000000r 2               TILTACUMH   = $FC03
000000r 2               HOFFL       = $FC04
000000r 2               HOFFH       = $FC05
000000r 2               VOFFL       = $FC06
000000r 2               VOFFH       = $FC07
000000r 2               VIDBASL     = $FC08
000000r 2               VIDBASH     = $FC09
000000r 2               COLLBASL    = $FC0A
000000r 2               COLLBASH    = $FC0B
000000r 2               VIDADRL     = $FC0C
000000r 2               VIDADRH     = $FC0D
000000r 2               COLLADRL    = $FC0E
000000r 2               COLLADRH    = $FC0F
000000r 2               SCBNEXTL    = $FC10
000000r 2               SCBNEXTH    = $FC11
000000r 2               SPRDLINEL   = $FC12
000000r 2               SPRDLINEH   = $FC13
000000r 2               HPOSSTRTL   = $FC14
000000r 2               HPOSSTRTH   = $FC15
000000r 2               VPOSSTRTL   = $FC16
000000r 2               VPOSSTRTH   = $FC17
000000r 2               SPRHSIZL    = $FC18
000000r 2               SPRHSIZH    = $FC19
000000r 2               SPRVSIZL    = $FC1A
000000r 2               SPRVSIZH    = $FC1B
000000r 2               STRETCHL    = $FC1C
000000r 2               STRETCHH    = $FC1D
000000r 2               TILTL       = $FC1E
000000r 2               TILTH       = $FC1F
000000r 2               SPRDOFFL    = $FC20
000000r 2               SPRDOFFH    = $FC21
000000r 2               SPRVPOSL    = $FC22
000000r 2               SPRVPOSH    = $FC23
000000r 2               COLLOFFL    = $FC24
000000r 2               COLLOFFH    = $FC25
000000r 2               VSIZACUML   = $FC26
000000r 2               VSIZACUMH   = $FC27
000000r 2               HSIZOFFL    = $FC28
000000r 2               HSIZOFFH    = $FC29
000000r 2               VSIZOFFL    = $FC2A
000000r 2               VSIZOFFH    = $FC2B
000000r 2               SCBADRL     = $FC2C
000000r 2               SCBADRH     = $FC2D
000000r 2               PROCADRL    = $FC2E
000000r 2               PROCADRH    = $FC2F
000000r 2               
000000r 2               ; Suzy Math
000000r 2               
000000r 2               MATHD       = $FC52
000000r 2               MATHC       = $FC53
000000r 2               MATHB       = $FC54
000000r 2               MATHA       = $FC55
000000r 2               MATHP       = $FC56
000000r 2               MATHN       = $FC57
000000r 2               MATHH       = $FC60
000000r 2               MATHG       = $FC61
000000r 2               MATHF       = $FC62
000000r 2               MATHE       = $FC63
000000r 2               MATHM       = $FC6C
000000r 2               MATHL       = $FC6D
000000r 2               MATHK       = $FC6E
000000r 2               MATHJ       = $FC6F
000000r 2               
000000r 2               ; Suzy Misc
000000r 2               
000000r 2               SPRCTL0     = $FC80
000000r 2               SPRCTL1     = $FC81
000000r 2               SPRCOLL     = $FC82
000000r 2               SPRINIT     = $FC83
000000r 2               SUZYHREV    = $FC88
000000r 2               SUZYSREV    = $FC89
000000r 2               SUZYBUSEN   = $FC90
000000r 2               SPRGO       = $FC91
000000r 2               SPRSYS      = $FC92
000000r 2               JOYSTICK    = $FCB0
000000r 2               SWITCHES    = $FCB1
000000r 2               RCART0      = $FCB2
000000r 2               RCART1      = $FCB3
000000r 2               LEDS        = $FCC0
000000r 2               PARSTATUS   = $FCC2
000000r 2               PARDATA     = $FCC3
000000r 2               HOWIE       = $FCC4
000000r 2               
000000r 2               
000000r 2               ; ***
000000r 2               ; *** Mikey Addresses
000000r 2               ; ***
000000r 2               
000000r 2               ; Mikey Timers
000000r 2               
000000r 2               TIMER0      = $FD00
000000r 2               TIMER1      = $FD04
000000r 2               TIMER2      = $FD08
000000r 2               TIMER3      = $FD0C
000000r 2               TIMER4      = $FD10
000000r 2               TIMER5      = $FD14
000000r 2               TIMER6      = $FD18
000000r 2               TIMER7      = $FD1C
000000r 2               HTIMER      = $FD00             ; horizontal line timer (timer 0)
000000r 2               VTIMER      = $FD08             ; vertical blank timer (timer 2)
000000r 2               
000000r 2               HTIMBKUP    = $FD00             ; horizontal line timer (timer 0)
000000r 2               HTIMCTLA    = $FD01
000000r 2               HTIMCNT     = $FD02
000000r 2               HTIMCTLB    = $FD03
000000r 2               VTIMBKUP    = $FD08             ; vertical blank timer (timer 2)
000000r 2               VTIMCTLA    = $FD09
000000r 2               VTIMCNT     = $FD0A
000000r 2               VTIMCTLB    = $FD0B
000000r 2               BAUDBKUP    = $FD10             ; serial timer (timer 4)
000000r 2               
000000r 2               TIM0BKUP    = $FD00
000000r 2               TIM0CTLA    = $FD01
000000r 2               TIM0CNT     = $FD02
000000r 2               TIM0CTLB    = $FD03
000000r 2               TIM1BKUP    = $FD04
000000r 2               TIM1CTLA    = $FD05
000000r 2               TIM1CNT     = $FD06
000000r 2               TIM1CTLB    = $FD07
000000r 2               TIM2BKUP    = $FD08
000000r 2               TIM2CTLA    = $FD09
000000r 2               TIM2CNT     = $FD0A
000000r 2               TIM2CTLB    = $FD0B
000000r 2               TIM3BKUP    = $FD0C
000000r 2               TIM3CTLA    = $FD0D
000000r 2               TIM3CNT     = $FD0E
000000r 2               TIM3CTLB    = $FD0F
000000r 2               TIM4BKUP    = $FD10
000000r 2               TIM4CTLA    = $FD11
000000r 2               TIM4CNT     = $FD12
000000r 2               TIM4CTLB    = $FD13
000000r 2               TIM5BKUP    = $FD14
000000r 2               TIM5CTLA    = $FD15
000000r 2               TIM5CNT     = $FD16
000000r 2               TIM5CTLB    = $FD17
000000r 2               TIM6BKUP    = $FD18
000000r 2               TIM6CTLA    = $FD19
000000r 2               TIM6CNT     = $FD1A
000000r 2               TIM6CTLB    = $FD1B
000000r 2               TIM7BKUP    = $FD1C
000000r 2               TIM7CTLA    = $FD1D
000000r 2               TIM7CNT     = $FD1E
000000r 2               TIM7CTLB    = $FD1F
000000r 2               
000000r 2               ; Mikey Audio
000000r 2               
000000r 2               AUDIO0      = $FD20             ; audio channel 0
000000r 2               AUDIO1      = $FD28             ; audio channel 1
000000r 2               AUDIO2      = $FD30             ; audio channel 2
000000r 2               AUDIO3      = $FD38             ; audio channel 3
000000r 2               
000000r 2               AUD0VOL     = $FD20
000000r 2               AUD0FEED    = $FD21
000000r 2               AUD0OUT     = $FD22
000000r 2               AUD0SHIFT   = $FD23
000000r 2               AUD0BKUP    = $FD24
000000r 2               AUD0CTLA    = $FD25
000000r 2               AUD0CNT     = $FD26
000000r 2               AUD0CTLB    = $FD27
000000r 2               AUD1VOL     = $FD28
000000r 2               AUD1FEED    = $FD29
000000r 2               AUD1OUT     = $FD2A
000000r 2               AUD1SHIFT   = $FD2B
000000r 2               AUD1BKUP    = $FD2C
000000r 2               AUD1CTLA    = $FD2D
000000r 2               AUD1CNT     = $FD2E
000000r 2               AUD1CTLB    = $FD2F
000000r 2               AUD2VOL     = $FD30
000000r 2               AUD2FEED    = $FD31
000000r 2               AUD2OUT     = $FD32
000000r 2               AUD2SHIFT   = $FD33
000000r 2               AUD2BKUP    = $FD34
000000r 2               AUD2CTLA    = $FD35
000000r 2               AUD2CNT     = $FD36
000000r 2               AUD2CTLB    = $FD37
000000r 2               AUD3VOL     = $FD38
000000r 2               AUD3FEED    = $FD39
000000r 2               AUD3OUT     = $FD3A
000000r 2               AUD3SHIFT   = $FD3B
000000r 2               AUD3BKUP    = $FD3C
000000r 2               AUD3CTLA    = $FD3D
000000r 2               AUD3CNT     = $FD3E
000000r 2               AUD3CTLB    = $FD3F
000000r 2               MSTEREO     = $FD50
000000r 2               
000000r 2               ; Mikey Misc
000000r 2               
000000r 2               INTRST      = $FD80
000000r 2               INTSET      = $FD81
000000r 2               MAGRDY0     = $FD84
000000r 2               MAGRDY1     = $FD85
000000r 2               AUDIN       = $FD86
000000r 2               SYSCTL1     = $FD87
000000r 2               MIKEYHREV   = $FD88
000000r 2               MIKEYSREV   = $FD89
000000r 2               IODIR       = $FD8A
000000r 2               IODAT       = $FD8B
000000r 2               SERCTL      = $FD8C
000000r 2               SERDAT      = $FD8D
000000r 2               SDONEACK    = $FD90
000000r 2               CPUSLEEP    = $FD91
000000r 2               DISPCTL     = $FD92
000000r 2               PBKUP       = $FD93
000000r 2               DISPADRL    = $FD94
000000r 2               DISPADRH    = $FD95
000000r 2               MTEST0      = $FD9C
000000r 2               MTEST1      = $FD9D
000000r 2               MTEST2      = $FD9E
000000r 2               PALETTE     = $FDA0                 ; hardware rgb palette
000000r 2               GCOLMAP     = $FDA0                 ; hardware rgb palette (green)
000000r 2               RBCOLMAP    = $FDB0                 ; hardware rgb palette (red-blue)
000000r 2               
000000r 2               
000000r 2               ; ***
000000r 2               ; *** Misc Hardware + 6502 vectors
000000r 2               ; ***
000000r 2               
000000r 2               MAPCTL      = $FFF9
000000r 2               VECTORS     = $FFFB
000000r 2               INTVECTL    = $FFFE
000000r 2               INTVECTH    = $FFFF
000000r 2               RSTVECTL    = $FFFC
000000r 2               RSTVECTH    = $FFFD
000000r 2               NMIVECTL    = $FFFA
000000r 2               NMIVECTH    = $FFFB
000000r 2               
000000r 2               
000000r 1               		.export     _fade_in
000000r 2               ;
000000r 2               ; extzp.inc for the Lynx
000000r 2               ;
000000r 2               ; Ullrich von Bassewitz, 2004-11-06
000000r 2               ;
000000r 2               ; Assembler include file that imports the runtime zero page locations used
000000r 2               ; by the Lynx runtime, ready for usage in asm code.
000000r 2               ;
000000r 2               
000000r 2               
000000r 2                      	.global         __iodat: zp
000000r 2                       .global         __iodir: zp
000000r 2                       .global         __viddma: zp
000000r 2                       .global         __sprsys: zp
000000r 2               	.global         _abc_score_ptr0: zp
000000r 2               	.global         _abc_score_ptr1: zp
000000r 2               	.global         _abc_score_ptr2: zp
000000r 2               	.global         _abc_score_ptr3: zp
000000r 2               	.global  	_FileEntry: zp
000000r 2               	.global  	_FileStartBlock: zp
000000r 2               	.global  	_FileBlockOffset: zp
000000r 2               	.global  	_FileExecFlag: zp
000000r 2               	.global  	_FileDestAddr: zp
000000r 2               	.global  	_FileFileLen: zp
000000r 2               	.global  	_FileCurrBlock: zp
000000r 2               	.global  	_FileBlockByte: zp
000000r 2               	.global  	_FileDestPtr: zp
000000r 2               
000000r 2               
000000r 2               
000000r 2               
000000r 1               		.import     popax
000000r 1               		.importzp   ptr1, tmp1
000000r 1               
000000r 1               ; ptr1 = passed in palette address
000000r 1               
000000r 1               INTMULT =   5                       ; interval multiplier
000000r 1               
000000r 1               		.code
000000r 1               
000000r 1  8D 1C FD     _fade_in:       sta TIMER7           ; timer backup value = interval
000003r 1  8D 1E FD     		sta TIMER7+2         ; count = interval
000006r 1  A9 1E        		lda #$1E            ; reload, count, 64us
000008r 1  8D 1D FD     		sta TIMER7+1         ; timer control value
00000Br 1  9C 1F FD     		stz TIMER7+3         ; dynamic control = 0
00000Er 1               
00000Er 1  20 rr rr     		jsr popax           ; get pal address
000011r 1  85 rr        		sta ptr1
000013r 1  86 rr        		stx ptr1+1
000015r 1               
000015r 1  A0 0F        again:          ldy #15             ; 16 colors in palette
000017r 1  B9 A0 FD     loop:           lda PALETTE,y
00001Ar 1  D1 rr        		cmp (ptr1),y        ; compare palettes
00001Cr 1  F0 04        		beq redblue
00001Er 1  1A           		ina                 ; increment rgb value
00001Fr 1  99 A0 FD     		sta PALETTE,y
000022r 1  98           redblue:        tya
000023r 1  09 10        		ora #16             ; index into redblue values
000025r 1  A8           		tay
000026r 1  B9 A0 FD     		lda PALETTE,y
000029r 1  29 F0        		and #$F0            ; compare red
00002Br 1  85 rr        		sta tmp1
00002Dr 1  B1 rr        		lda (ptr1),y
00002Fr 1  29 F0        		and #$F0
000031r 1  C5 rr        		cmp tmp1
000033r 1  F0 09        		beq chkblue
000035r 1  B9 A0 FD     		lda PALETTE,y
000038r 1  18           		clc
000039r 1  69 10        		adc #$10            ; increment rgb value
00003Br 1  99 A0 FD     		sta PALETTE,y
00003Er 1  B9 A0 FD     chkblue:        lda PALETTE,y
000041r 1  29 0F        		and #$0F            ; compare blue
000043r 1  85 rr        		sta tmp1
000045r 1  B1 rr        		lda (ptr1),y
000047r 1  29 0F        		and #$0F
000049r 1  C5 rr        		cmp tmp1
00004Br 1  F0 07        		beq cont
00004Dr 1  B9 A0 FD     		lda PALETTE,y
000050r 1  1A           		ina                 ; increment rgb value
000051r 1  99 A0 FD     		sta PALETTE,y
000054r 1               
000054r 1  98           cont:           tya                 ; next palette index
000055r 1  29 0F        		and #15             ; back to green index
000057r 1  A8           		tay
000058r 1  88           		dey
000059r 1  10 BC        		bpl loop
00005Br 1               
00005Br 1  A0 1F        		ldy #31             ; check palettes same?
00005Dr 1  B9 A0 FD     checkloop:      lda PALETTE,y
000060r 1  D1 rr        		cmp (ptr1),y
000062r 1  D0 05        		bne wait            ; run through palette again
000064r 1  88           		dey
000065r 1  10 F6        		bpl checkloop
000067r 1  80 12        		bra done
000069r 1               
000069r 1  A0 05        wait:           ldy #INTMULT        ; (64us * interval) * INTMULT
00006Br 1  AD 1C FD     waitagain:      lda TIMER7           ; load the backup value
00006Er 1  8D 1E FD     		sta TIMER7+2         ; reset count with backup value
000071r 1  AD 1E FD     interval:       lda TIMER7+2         ; wait the interval
000074r 1  D0 FB        		bne interval
000076r 1  88           		dey
000077r 1  D0 F2        		bne waitagain
000079r 1  80 9A        		bra again           ; run through palette again
00007Br 1               
00007Br 1  A9 00        done:           lda #$00            ; timer off
00007Dr 1  8D 1D FD     		sta TIMER7+1
000080r 1  60           		rts
000080r 1               
