ca65 V2.10.5 - (C) Copyright 1998-2004 Ullrich von Bassewitz
Main file   : ../resident/resident.s
Current file: ../resident/resident.s

000000r 1               ;
000000r 1               ; File generated by cc65 v 2.10.5
000000r 1               ;
000000r 1               	.fopt		compiler,"cc65 v 2.10.5"
000000r 1               	.setcpu		"65C02"
000000r 1               	.smart		on
000000r 1               	.autoimport	on
000000r 1               	.case		on
000000r 1               	.debuginfo	off
000000r 1               	.importzp	sp, sreg, regsave, regbank, tmp1, ptr1, ptr2
000000r 1               	.macpack	longbranch
000000r 1               	.export		_first_time
000000r 1               	.export		_next_application
000000r 1               	.import		_start_irqs
000000r 1               	.import		_intro
000000r 1               	.import		_sketch
000000r 1               	.import		_FileLoadFile
000000r 1               	.export		_last_application
000000r 1               	.export		_old_stack
000000r 1               	.export		_main
000000r 1               
000000r 1               .segment	"DATA"
000000r 1               
000000r 1               _first_time:
000000r 1  01           	.byte	$01
000001r 1               _next_application:
000001r 1  01           	.byte	$01
000002r 1               _last_application:
000002r 1  00           	.byte	$00
000003r 1               
000003r 1               .segment	"BSS"
000000r 1               
000000r 1               _old_stack:
000000r 1  00 00        	.res	2,$00
000002r 1               
000002r 1               ; ---------------------------------------------------------------
000002r 1               ; int __near__ main (void)
000002r 1               ; ---------------------------------------------------------------
000002r 1               
000002r 1               .segment	"CODE"
000000r 1               
000000r 1               .proc	_main: near
000000r 1               
000000r 1               .segment	"CODE"
000000r 1               
000000r 1  AD rr rr     	lda     _first_time
000003r 1  F0 0A        	beq     not_first_time
000005r 1  A9 02        	lda     #2
000007r 1  A2 00        	ldx     #0
000009r 1  9C rr rr     	stz     _first_time
00000Cr 1  4C rr rr     	jmp     _FileExecFile
00000Fr 1               not_first_time:
00000Fr 1  AD rr rr     	lda     _next_application
000012r 1  C9 01        	cmp     #$01
000014r 1  F0 2E        	beq     L002E
000016r 1  C9 02        	cmp     #$02
000018r 1  F0 45        	beq     L0037
00001Ar 1  C9 08        	cmp     #$08
00001Cr 1  F0 51        	beq     L003F
00001Er 1  C9 64        	cmp     #$64
000020r 1  F0 04        	beq     L0014
000022r 1  C9 65        	cmp     #$65
000024r 1  F0 0F        	beq     L0022
000026r 1  AD rr rr     L0014:	lda     _last_application
000029r 1  C9 02        	cmp     #$02
00002Br 1  F0 04        	beq     L001E
00002Dr 1  A9 02        	lda     #$02
00002Fr 1  80 4E        	bra     L004B
000031r 1  A9 08        L001E:	lda     #$08
000033r 1  80 4A        	bra     L004B
000035r 1  AD rr rr     L0022:	lda     _last_application
000038r 1  C9 02        	cmp     #$02
00003Ar 1  F0 04        	beq     L002A
00003Cr 1  A9 02        	lda     #$02
00003Er 1  80 3F        	bra     L004B
000040r 1  A9 08        L002A:	lda     #$08
000042r 1  80 3B        	bra     L004B
000044r 1  20 rr rr     L002E:	jsr     _start_irqs
000047r 1  AD rr rr     	lda     _next_application
00004Ar 1  8D rr rr     	sta     _last_application
00004Dr 1  20 rr rr     	jsr     _intro
000050r 1  8D rr rr     	sta     _next_application
000053r 1  A5 00        	lda     $0000
000055r 1  A6 01        	ldx     $0000+1
000057r 1  8D rr rr     	sta     _old_stack
00005Ar 1  8E rr rr     	stx     _old_stack+1
00005Dr 1  80 23        	bra     L0013
00005Fr 1  A2 00        L0037:	ldx     #$00
000061r 1  20 rr rr     	jsr     _FileLoadFile
000064r 1  AD rr rr     	lda     _next_application
000067r 1  8D rr rr     	sta     _last_application
00006Ar 1  20 rr rr     	jsr     _intro
00006Dr 1  80 10        	bra     L004B
00006Fr 1  A2 00        L003F:	ldx     #$00
000071r 1  A9 03        	lda     #$03
000073r 1  20 rr rr     	jsr     _FileLoadFile
000076r 1  AD rr rr     	lda     _next_application
000079r 1  8D rr rr     	sta     _last_application
00007Cr 1  20 rr rr     	jsr     _sketch
00007Fr 1  8D rr rr     L004B:	sta     _next_application
000082r 1  A5 00        L0013:	lda     $0000
000084r 1  A6 01        	ldx     $0000+1
000086r 1  20 rr rr     	jsr     pushax
000089r 1  AD rr rr     	lda     _old_stack
00008Cr 1  AE rr rr     	ldx     _old_stack+1
00008Fr 1  20 rr rr     	jsr     tosicmp
000092r 1  D0 03 4C rr  	jeq     not_first_time
000096r 1  rr           
000097r 1  A9 02        	lda     #$02
000099r 1  8D rr rr     	sta     _next_application
00009Cr 1  4C rr rr     	jmp     not_first_time
00009Fr 1               
00009Fr 1               .endproc
00009Fr 1               
00009Fr 1               
