ca65 V2.10.5 - (C) Copyright 1998-2004 Ullrich von Bassewitz
Main file   : ../resident/vbl.s
Current file: ../resident/vbl.s

000000r 1               ;
000000r 1               ; File generated by cc65 v 2.10.5
000000r 1               ;
000000r 1               	.fopt		compiler,"cc65 v 2.10.5"
000000r 1               	.setcpu		"65C02"
000000r 1               	.smart		on
000000r 1               	.autoimport	on
000000r 1               	.case		on
000000r 1               	.debuginfo	off
000000r 1               	.importzp	sp, sreg, regsave, regbank, tmp1, ptr1, ptr2
000000r 1               	.macpack	longbranch
000000r 1               	.import		_tgi_setviewpage
000000r 1               	.import		_tgi_setdrawpage
000000r 1               	.export		_drawPending
000000r 1               	.export		_metronome
000000r 1               	.export		_drawpage
000000r 1               	.export		_vbl
000000r 1               	.export		_waitsuzy
000000r 1               
000000r 1               .segment	"DATA"
000000r 1               
000000r 1               _drawPending:
000000r 1  00           	.byte	$00
000001r 1               _metronome:
000001r 1  00 00        	.word	$0000
000003r 1               _drawpage:
000003r 1  00           	.byte	$00
000004r 1               
000004r 1               ; ---------------------------------------------------------------
000004r 1               ; void __near__ vbl (void)
000004r 1               ; ---------------------------------------------------------------
000004r 1               
000004r 1               .segment	"CODE"
000000r 1               
000000r 1               .proc	_vbl: near
000000r 1               
000000r 1               .segment	"CODE"
000000r 1               
000000r 1  48           	pha
000001r 1  DA           	phx
000002r 1  5A           	phy
000003r 1  AD rr rr     	lda     _drawPending
000006r 1  F0 14        	beq     @L1
000008r 1  AD rr rr     	lda     _drawpage
00000Br 1  20 rr rr     	jsr     _tgi_setviewpage
00000Er 1  AD rr rr     	lda     _drawpage
000011r 1  49 01        	eor	#$01
000013r 1  8D rr rr     	sta     _drawpage
000016r 1  20 rr rr     	jsr     _tgi_setdrawpage
000019r 1  9C rr rr     	stz     _drawPending
00001Cr 1  EE rr rr     @L1:	inc     _metronome
00001Fr 1  D0 03        	bne     @L2
000021r 1  EE rr rr     	inc     _metronome+1
000024r 1  7A           @L2:	ply
000025r 1  FA           	plx
000026r 1  68           	pla
000027r 1  60           	rts
000028r 1               
000028r 1               .endproc
000028r 1               
000028r 1               ; ---------------------------------------------------------------
000028r 1               ; void __near__ waitsuzy (void)
000028r 1               ; ---------------------------------------------------------------
000028r 1               
000028r 1               .segment	"CODE"
000028r 1               
000028r 1               .proc	_waitsuzy: near
000028r 1               
000028r 1               .segment	"CODE"
000028r 1               
000028r 1  2C 92 FC     @L1:	bit	$fc92
00002Br 1  30 FB        	bmi	@L1
00002Dr 1  60           	rts
00002Er 1               
00002Er 1               .endproc
00002Er 1               
00002Er 1               
