ca65 V2.10.5 - (C) Copyright 1998-2004 Ullrich von Bassewitz
Main file   : ../sketch/sketch.s
Current file: ../sketch/sketch.s

000000r 1               ;
000000r 1               ; File generated by cc65 v 2.10.5
000000r 1               ;
000000r 1               	.fopt		compiler,"cc65 v 2.10.5"
000000r 1               	.setcpu		"65C02"
000000r 1               	.smart		on
000000r 1               	.autoimport	on
000000r 1               	.case		on
000000r 1               	.debuginfo	off
000000r 1               	.importzp	sp, sreg, regsave, regbank, tmp1, ptr1, ptr2
000000r 1               	.macpack	longbranch
000000r 1               	.import		_kbhit
000000r 1               	.import		_cgetc
000000r 1               	.import		_joy_masks
000000r 1               	.import		_joy_read
000000r 1               	.import		_tgi_setviewpage
000000r 1               	.import		_tgi_setdrawpage
000000r 1               	.import		_tgi_getcolorcount
000000r 1               	.import		_tgi_setcolor
000000r 1               	.import		_tgi_setpalette
000000r 1               	.import		_tgi_getdefpalette
000000r 1               	.import		_tgi_getxres
000000r 1               	.import		_tgi_getyres
000000r 1               	.import		_tgi_getpixel
000000r 1               	.import		_tgi_setpixel
000000r 1               	.import		_tgi_line
000000r 1               	.import		_tgi_bar
000000r 1               	.import		_tgi_outtextxy
000000r 1               	.import		_tgi_ioctl
000000r 1               	.import		_silence
000000r 1               	.import		_abc_update
000000r 1               	.import		_drawpage
000000r 1               	.export		_sketch
000000r 1               
000000r 1               .segment	"SKETCH_DATA"
000000r 1               
000000r 1               _sintbl:
000000r 1  00 00        	.word	$0000
000002r 1  7C 0C        	.word	$0C7C
000004r 1  7E 18        	.word	$187E
000006r 1  8E 23        	.word	$238E
000008r 1  41 2D        	.word	$2D41
00000Ar 1  37 35        	.word	$3537
00000Cr 1  21 3B        	.word	$3B21
00000Er 1  C5 3E        	.word	$3EC5
000010r 1  00 40        	.word	$4000
000012r 1               
000012r 1               .segment	"SKETCH_RODATA"
000000r 1               
000000r 1               L0001:
000000r 1  4C 79 6E 78  	.byte	$4C,$79,$6E,$78,$2D,$53,$6B,$65,$74,$63,$68,$00
000004r 1  2D 53 6B 65  
000008r 1  74 63 68 00  
00000Cr 1               
00000Cr 1               .segment	"SKETCH_BSS"
000000r 1               
000000r 1               _drawPending:
000000r 1  00           	.res	1,$00
000001r 1               
000001r 1               ; ---------------------------------------------------------------
000001r 1               ; void __near__ usleep (int)
000001r 1               ; ---------------------------------------------------------------
000001r 1               
000001r 1               .segment	"SKETCH_CODE"
000000r 1               
000000r 1               .proc	_usleep: near
000000r 1               
000000r 1               .segment	"SKETCH_CODE"
000000r 1               
000000r 1  20 rr rr     	jsr     decsp2
000003r 1  A2 00        	ldx     #$00
000005r 1  8A           	txa
000006r 1  A0 00        L012B:	ldy     #$00
000008r 1  20 rr rr     	jsr     staxysp
00000Br 1  A0 03        	ldy     #$03
00000Dr 1  20 rr rr     	jsr     pushwysp
000010r 1  A0 05        	ldy     #$05
000012r 1  20 rr rr     	jsr     ldaxysp
000015r 1  20 rr rr     	jsr     tosicmp
000018r 1  30 03 4C rr  	jpl     incsp4
00001Cr 1  rr           
00001Dr 1  20 rr rr     	jsr     _abc_update
000020r 1  A0 01        	ldy     #$01
000022r 1  20 rr rr     	jsr     ldaxysp
000025r 1  1A           	ina
000026r 1  D0 DE        	bne     L012B
000028r 1  E8           	inx
000029r 1  80 DB        	bra     L012B
00002Br 1               
00002Br 1               .endproc
00002Br 1               
00002Br 1               ; ---------------------------------------------------------------
00002Br 1               ; int __near__ sin (unsigned char)
00002Br 1               ; ---------------------------------------------------------------
00002Br 1               
00002Br 1               .segment	"SKETCH_CODE"
00002Br 1               
00002Br 1               .proc	_sin: near
00002Br 1               
00002Br 1               .segment	"SKETCH_CODE"
00002Br 1               
00002Br 1  20 rr rr     	jsr     decsp1
00002Er 1  A0 01        	ldy     #$01
000030r 1  B1 rr        	lda     (sp),y
000032r 1  29 1F        	and     #$1F
000034r 1  91 rr        	sta     (sp),y
000036r 1  C9 11        	cmp     #$11
000038r 1  20 rr rr     	jsr     booluge
00003Br 1  92 rr        	sta     (sp)
00003Dr 1  A0 01        	ldy     #$01
00003Fr 1  B1 rr        	lda     (sp),y
000041r 1  29 0F        	and     #$0F
000043r 1  91 rr        	sta     (sp),y
000045r 1  C9 09        	cmp     #$09
000047r 1  90 10        	bcc     L0020
000049r 1  A9 10        	lda     #$10
00004Br 1  20 rr rr     	jsr     pushax
00004Er 1  A0 03        	ldy     #$03
000050r 1  B1 rr        	lda     (sp),y
000052r 1  20 rr rr     	jsr     tossubax
000055r 1  A0 01        	ldy     #$01
000057r 1  91 rr        	sta     (sp),y
000059r 1  B2 rr        L0020:	lda     (sp)
00005Br 1  F0 1D        	beq     L0024
00005Dr 1  A0 01        	ldy     #$01
00005Fr 1  A2 00        	ldx     #$00
000061r 1  B1 rr        	lda     (sp),y
000063r 1  20 rr rr     	jsr     aslax1
000066r 1  18           	clc
000067r 1  69 rr        	adc     #<(_sintbl)
000069r 1  A8           	tay
00006Ar 1  8A           	txa
00006Br 1  69 rr        	adc     #>(_sintbl)
00006Dr 1  AA           	tax
00006Er 1  98           	tya
00006Fr 1  A0 01        	ldy     #$01
000071r 1  20 rr rr     	jsr     ldaxidx
000074r 1  20 rr rr     	jsr     negax
000077r 1  4C rr rr     	jmp     incsp2
00007Ar 1  A0 01        L0024:	ldy     #$01
00007Cr 1  AA           	tax
00007Dr 1  B1 rr        	lda     (sp),y
00007Fr 1  20 rr rr     	jsr     aslax1
000082r 1  18           	clc
000083r 1  69 rr        	adc     #<(_sintbl)
000085r 1  A8           	tay
000086r 1  8A           	txa
000087r 1  69 rr        	adc     #>(_sintbl)
000089r 1  AA           	tax
00008Ar 1  98           	tya
00008Br 1  A0 01        	ldy     #$01
00008Dr 1  20 rr rr     	jsr     ldaxidx
000090r 1  4C rr rr     	jmp     incsp2
000093r 1               
000093r 1               .endproc
000093r 1               
000093r 1               ; ---------------------------------------------------------------
000093r 1               ; int __near__ sketch (void)
000093r 1               ; ---------------------------------------------------------------
000093r 1               
000093r 1               .segment	"SKETCH_CODE"
000093r 1               
000093r 1               .proc	_sketch: near
000093r 1               
000093r 1               .segment	"SKETCH_CODE"
000093r 1               
000093r 1  A0 10        	ldy     #$10
000095r 1  20 rr rr     	jsr     subysp
000098r 1  A9 rr        	lda     #<(L0001)
00009Ar 1  A2 rr        	ldx     #>(L0001)
00009Cr 1  20 rr rr     	jsr     pushax
00009Fr 1  A9 01        	lda     #$01
0000A1r 1  A0 02        	ldy     #$02
0000A3r 1  91 rr        	sta     (sp),y
0000A5r 1  A9 07        	lda     #$07
0000A7r 1  C8           	iny
0000A8r 1  91 rr        	sta     (sp),y
0000AAr 1  20 rr rr     	jsr     _tgi_getcolorcount
0000ADr 1  A0 04        	ldy     #$04
0000AFr 1  91 rr        	sta     (sp),y
0000B1r 1  20 rr rr     	jsr     _tgi_getxres
0000B4r 1  A0 0C        	ldy     #$0C
0000B6r 1  20 rr rr     	jsr     staxysp
0000B9r 1  20 rr rr     	jsr     _tgi_getyres
0000BCr 1  A0 0A        	ldy     #$0A
0000BEr 1  20 rr rr     	jsr     staxysp
0000C1r 1  AD rr rr     	lda     _drawpage
0000C4r 1  20 rr rr     	jsr     _tgi_setviewpage
0000C7r 1  AD rr rr     	lda     _drawpage
0000CAr 1  20 rr rr     	jsr     _tgi_setdrawpage
0000CDr 1  20 rr rr     	jsr     _tgi_getdefpalette
0000D0r 1  20 rr rr     	jsr     _tgi_setpalette
0000D3r 1  A0 02        	ldy     #$02
0000D5r 1  B1 rr        	lda     (sp),y
0000D7r 1  20 rr rr     	jsr     _tgi_setcolor
0000DAr 1  20 rr rr     	jsr     decsp6
0000DDr 1  A9 00        	lda     #$00
0000DFr 1  A0 04        	ldy     #$04
0000E1r 1  91 rr        	sta     (sp),y
0000E3r 1  C8           	iny
0000E4r 1  91 rr        	sta     (sp),y
0000E6r 1  A0 02        	ldy     #$02
0000E8r 1  91 rr        	sta     (sp),y
0000EAr 1  C8           	iny
0000EBr 1  91 rr        	sta     (sp),y
0000EDr 1  A0 13        	ldy     #$13
0000EFr 1  20 rr rr     	jsr     ldaxysp
0000F2r 1  38           	sec
0000F3r 1  E9 01        	sbc     #$01
0000F5r 1  B0 01        	bcs     L0066
0000F7r 1  CA           	dex
0000F8r 1  92 rr        L0066:	sta     (sp)
0000FAr 1  A0 01        	ldy     #$01
0000FCr 1  8A           	txa
0000FDr 1  91 rr        	sta     (sp),y
0000FFr 1  A0 11        	ldy     #$11
000101r 1  20 rr rr     	jsr     ldaxysp
000104r 1  38           	sec
000105r 1  E9 01        	sbc     #$01
000107r 1  B0 01        	bcs     L0068
000109r 1  CA           	dex
00010Ar 1  20 rr rr     L0068:	jsr     _tgi_bar
00010Dr 1  A0 03        	ldy     #$03
00010Fr 1  B1 rr        	lda     (sp),y
000111r 1  20 rr rr     	jsr     _tgi_setcolor
000114r 1  A0 0B        	ldy     #$0B
000116r 1  20 rr rr     	jsr     ldaxysp
000119r 1  20 rr rr     	jsr     asrax3
00011Cr 1  A0 08        	ldy     #$08
00011Er 1  20 rr rr     	jsr     staxysp
000121r 1  20 rr rr     	jsr     decsp6
000124r 1  A0 0F        	ldy     #$0F
000126r 1  20 rr rr     	jsr     ldaxysp
000129r 1  A0 04        	ldy     #$04
00012Br 1  91 rr        	sta     (sp),y
00012Dr 1  C8           	iny
00012Er 1  8A           	txa
00012Fr 1  91 rr        	sta     (sp),y
000131r 1  A0 0F        	ldy     #$0F
000133r 1  20 rr rr     	jsr     ldaxysp
000136r 1  A0 02        	ldy     #$02
000138r 1  91 rr        	sta     (sp),y
00013Ar 1  C8           	iny
00013Br 1  8A           	txa
00013Cr 1  91 rr        	sta     (sp),y
00013Er 1  A0 15        	ldy     #$15
000140r 1  20 rr rr     	jsr     pushwysp
000143r 1  A0 11        	ldy     #$11
000145r 1  20 rr rr     	jsr     ldaxysp
000148r 1  20 rr rr     	jsr     tossubax
00014Br 1  38           	sec
00014Cr 1  E9 01        	sbc     #$01
00014Er 1  B0 01        	bcs     L0071
000150r 1  CA           	dex
000151r 1  92 rr        L0071:	sta     (sp)
000153r 1  A0 01        	ldy     #$01
000155r 1  8A           	txa
000156r 1  91 rr        	sta     (sp),y
000158r 1  A0 13        	ldy     #$13
00015Ar 1  20 rr rr     	jsr     pushwysp
00015Dr 1  A0 11        	ldy     #$11
00015Fr 1  20 rr rr     	jsr     ldaxysp
000162r 1  20 rr rr     	jsr     tossubax
000165r 1  38           	sec
000166r 1  E9 01        	sbc     #$01
000168r 1  B0 01        	bcs     L0073
00016Ar 1  CA           	dex
00016Br 1  20 rr rr     L0073:	jsr     _tgi_bar
00016Er 1  A0 0D        	ldy     #$0D
000170r 1  20 rr rr     	jsr     ldaxysp
000173r 1  20 rr rr     	jsr     asrax1
000176r 1  A0 10        	ldy     #$10
000178r 1  20 rr rr     	jsr     staxysp
00017Br 1  A0 0B        	ldy     #$0B
00017Dr 1  20 rr rr     	jsr     ldaxysp
000180r 1  20 rr rr     	jsr     asrax1
000183r 1  A0 0E        	ldy     #$0E
000185r 1  20 rr rr     	jsr     staxysp
000188r 1  A9 01        	lda     #$01
00018Ar 1  A0 05        	ldy     #$05
00018Cr 1  91 rr        	sta     (sp),y
00018Er 1  A0 03        	ldy     #$03
000190r 1  B1 rr        	lda     (sp),y
000192r 1  20 rr rr     	jsr     _tgi_setcolor
000195r 1  A9 02        	lda     #$02
000197r 1  20 rr rr     	jsr     pusha
00019Ar 1  A2 00        	ldx     #$00
00019Cr 1  8A           	txa
00019Dr 1  20 rr rr     	jsr     _tgi_ioctl
0001A0r 1  20 rr rr     	jsr     decsp4
0001A3r 1  A0 0D        	ldy     #$0D
0001A5r 1  20 rr rr     	jsr     ldaxysp
0001A8r 1  A0 02        	ldy     #$02
0001AAr 1  91 rr        	sta     (sp),y
0001ACr 1  C8           	iny
0001ADr 1  8A           	txa
0001AEr 1  91 rr        	sta     (sp),y
0001B0r 1  A0 0D        	ldy     #$0D
0001B2r 1  20 rr rr     	jsr     ldaxysp
0001B5r 1  38           	sec
0001B6r 1  E9 0A        	sbc     #$0A
0001B8r 1  B0 01        	bcs     L0083
0001BAr 1  CA           	dex
0001BBr 1  92 rr        L0083:	sta     (sp)
0001BDr 1  A0 01        	ldy     #$01
0001BFr 1  8A           	txa
0001C0r 1  91 rr        	sta     (sp),y
0001C2r 1  A0 05        	ldy     #$05
0001C4r 1  20 rr rr     	jsr     ldaxysp
0001C7r 1  20 rr rr     	jsr     _tgi_outtextxy
0001CAr 1  9C rr rr     	stz     _drawPending
0001CDr 1  20 rr rr     L0087:	jsr     decsp3
0001D0r 1  A9 00        	lda     #$00
0001D2r 1  20 rr rr     	jsr     _joy_read
0001D5r 1  A0 01        	ldy     #$01
0001D7r 1  91 rr        	sta     (sp),y
0001D9r 1  AD rr rr     	lda     _joy_masks
0001DCr 1  31 rr        	and     (sp),y
0001DEr 1  F0 36        	beq     L008D
0001E0r 1  A0 12        	ldy     #$12
0001E2r 1  20 rr rr     	jsr     ldaxysp
0001E5r 1  38           	sec
0001E6r 1  E9 01        	sbc     #$01
0001E8r 1  B0 01        	bcs     L0093
0001EAr 1  CA           	dex
0001EBr 1  A0 11        L0093:	ldy     #$11
0001EDr 1  20 rr rr     	jsr     staxysp
0001F0r 1  A0 14        	ldy     #$14
0001F2r 1  20 rr rr     	jsr     pushwysp
0001F5r 1  A0 0E        	ldy     #$0E
0001F7r 1  20 rr rr     	jsr     ldaxysp
0001FAr 1  1A           	ina
0001FBr 1  D0 01        	bne     L0096
0001FDr 1  E8           	inx
0001FEr 1  20 rr rr     L0096:	jsr     tosicmp
000201r 1  10 0E        	bpl     L0094
000203r 1  A0 0C        	ldy     #$0C
000205r 1  20 rr rr     	jsr     ldaxysp
000208r 1  1A           	ina
000209r 1  D0 01        	bne     L0099
00020Br 1  E8           	inx
00020Cr 1  A0 11        L0099:	ldy     #$11
00020Er 1  20 rr rr     	jsr     staxysp
000211r 1  A9 01        L0094:	lda     #$01
000213r 1  8D rr rr     	sta     _drawPending
000216r 1  A0 01        L008D:	ldy     #$01
000218r 1  AD rr rr     	lda     _joy_masks+1
00021Br 1  31 rr        	and     (sp),y
00021Dr 1  F0 4A        	beq     L009C
00021Fr 1  A0 12        	ldy     #$12
000221r 1  20 rr rr     	jsr     ldaxysp
000224r 1  1A           	ina
000225r 1  D0 01        	bne     L00A2
000227r 1  E8           	inx
000228r 1  A0 11        L00A2:	ldy     #$11
00022Ar 1  20 rr rr     	jsr     staxysp
00022Dr 1  A0 14        	ldy     #$14
00022Fr 1  20 rr rr     	jsr     pushwysp
000232r 1  A0 12        	ldy     #$12
000234r 1  20 rr rr     	jsr     pushwysp
000237r 1  A0 10        	ldy     #$10
000239r 1  20 rr rr     	jsr     ldaxysp
00023Cr 1  20 rr rr     	jsr     tossubax
00023Fr 1  38           	sec
000240r 1  E9 02        	sbc     #$02
000242r 1  B0 01        	bcs     L00A5
000244r 1  CA           	dex
000245r 1  20 rr rr     L00A5:	jsr     tosicmp
000248r 1  30 1A        	bmi     L00A3
00024Ar 1  F0 18        	beq     L00A3
00024Cr 1  A0 10        	ldy     #$10
00024Er 1  20 rr rr     	jsr     pushwysp
000251r 1  A0 0E        	ldy     #$0E
000253r 1  20 rr rr     	jsr     ldaxysp
000256r 1  20 rr rr     	jsr     tossubax
000259r 1  38           	sec
00025Ar 1  E9 02        	sbc     #$02
00025Cr 1  B0 01        	bcs     L00A8
00025Er 1  CA           	dex
00025Fr 1  A0 11        L00A8:	ldy     #$11
000261r 1  20 rr rr     	jsr     staxysp
000264r 1  A9 01        L00A3:	lda     #$01
000266r 1  8D rr rr     	sta     _drawPending
000269r 1  A0 01        L009C:	ldy     #$01
00026Br 1  AD rr rr     	lda     _joy_masks+2
00026Er 1  31 rr        	and     (sp),y
000270r 1  F0 36        	beq     L00AB
000272r 1  A0 14        	ldy     #$14
000274r 1  20 rr rr     	jsr     ldaxysp
000277r 1  38           	sec
000278r 1  E9 01        	sbc     #$01
00027Ar 1  B0 01        	bcs     L00B1
00027Cr 1  CA           	dex
00027Dr 1  A0 13        L00B1:	ldy     #$13
00027Fr 1  20 rr rr     	jsr     staxysp
000282r 1  A0 16        	ldy     #$16
000284r 1  20 rr rr     	jsr     pushwysp
000287r 1  A0 0E        	ldy     #$0E
000289r 1  20 rr rr     	jsr     ldaxysp
00028Cr 1  1A           	ina
00028Dr 1  D0 01        	bne     L00B4
00028Fr 1  E8           	inx
000290r 1  20 rr rr     L00B4:	jsr     tosicmp
000293r 1  10 0E        	bpl     L00B2
000295r 1  A0 0C        	ldy     #$0C
000297r 1  20 rr rr     	jsr     ldaxysp
00029Ar 1  1A           	ina
00029Br 1  D0 01        	bne     L00B7
00029Dr 1  E8           	inx
00029Er 1  A0 13        L00B7:	ldy     #$13
0002A0r 1  20 rr rr     	jsr     staxysp
0002A3r 1  A9 01        L00B2:	lda     #$01
0002A5r 1  8D rr rr     	sta     _drawPending
0002A8r 1  A0 01        L00AB:	ldy     #$01
0002AAr 1  AD rr rr     	lda     _joy_masks+3
0002ADr 1  31 rr        	and     (sp),y
0002AFr 1  F0 4A        	beq     L00BA
0002B1r 1  A0 14        	ldy     #$14
0002B3r 1  20 rr rr     	jsr     ldaxysp
0002B6r 1  1A           	ina
0002B7r 1  D0 01        	bne     L00C0
0002B9r 1  E8           	inx
0002BAr 1  A0 13        L00C0:	ldy     #$13
0002BCr 1  20 rr rr     	jsr     staxysp
0002BFr 1  A0 16        	ldy     #$16
0002C1r 1  20 rr rr     	jsr     pushwysp
0002C4r 1  A0 14        	ldy     #$14
0002C6r 1  20 rr rr     	jsr     pushwysp
0002C9r 1  A0 10        	ldy     #$10
0002CBr 1  20 rr rr     	jsr     ldaxysp
0002CEr 1  20 rr rr     	jsr     tossubax
0002D1r 1  38           	sec
0002D2r 1  E9 02        	sbc     #$02
0002D4r 1  B0 01        	bcs     L00C3
0002D6r 1  CA           	dex
0002D7r 1  20 rr rr     L00C3:	jsr     tosicmp
0002DAr 1  30 1A        	bmi     L00C1
0002DCr 1  F0 18        	beq     L00C1
0002DEr 1  A0 12        	ldy     #$12
0002E0r 1  20 rr rr     	jsr     pushwysp
0002E3r 1  A0 0E        	ldy     #$0E
0002E5r 1  20 rr rr     	jsr     ldaxysp
0002E8r 1  20 rr rr     	jsr     tossubax
0002EBr 1  38           	sec
0002ECr 1  E9 02        	sbc     #$02
0002EEr 1  B0 01        	bcs     L00C6
0002F0r 1  CA           	dex
0002F1r 1  A0 13        L00C6:	ldy     #$13
0002F3r 1  20 rr rr     	jsr     staxysp
0002F6r 1  A9 01        L00C1:	lda     #$01
0002F8r 1  8D rr rr     	sta     _drawPending
0002FBr 1  A0 01        L00BA:	ldy     #$01
0002FDr 1  A2 00        	ldx     #$00
0002FFr 1  AD rr rr     	lda     _joy_masks+4
000302r 1  31 rr        	and     (sp),y
000304r 1  F0 09        	beq     L00C9
000306r 1  98           	tya
000307r 1  C8           	iny
000308r 1  91 rr        	sta     (sp),y
00030Ar 1  8D rr rr     	sta     _drawPending
00030Dr 1  80 03        	bra     L00D2
00030Fr 1  C8           L00C9:	iny
000310r 1  91 rr        	sta     (sp),y
000312r 1  88           L00D2:	dey
000313r 1  AD rr rr     	lda     _joy_masks+5
000316r 1  31 rr        	and     (sp),y
000318r 1  F0 1F        	beq     L00DD
00031Ar 1  98           	tya
00031Br 1  8D rr rr     	sta     _drawPending
00031Er 1  A0 08        	ldy     #$08
000320r 1  B1 rr        	lda     (sp),y
000322r 1  1A           	ina
000323r 1  91 rr        	sta     (sp),y
000325r 1  20 rr rr     	jsr     pushax
000328r 1  A0 09        	ldy     #$09
00032Ar 1  B1 rr        	lda     (sp),y
00032Cr 1  20 rr rr     	jsr     tosicmp
00032Fr 1  90 08        	bcc     L00DD
000331r 1  F0 06        	beq     L00DD
000333r 1  A9 01        	lda     #$01
000335r 1  A0 08        	ldy     #$08
000337r 1  91 rr        	sta     (sp),y
000339r 1  AD rr rr     L00DD:	lda     _drawPending
00033Cr 1  F0 7B        	beq     L00E1
00033Er 1  A0 02        	ldy     #$02
000340r 1  B1 rr        	lda     (sp),y
000342r 1  F0 5E        	beq     L00E3
000344r 1  A0 06        	ldy     #$06
000346r 1  B1 rr        	lda     (sp),y
000348r 1  20 rr rr     	jsr     _tgi_setcolor
00034Br 1  20 rr rr     	jsr     decsp6
00034Er 1  A0 1A        	ldy     #$1A
000350r 1  20 rr rr     	jsr     ldaxysp
000353r 1  38           	sec
000354r 1  E9 01        	sbc     #$01
000356r 1  B0 01        	bcs     L00E9
000358r 1  CA           	dex
000359r 1  A0 04        L00E9:	ldy     #$04
00035Br 1  91 rr        	sta     (sp),y
00035Dr 1  C8           	iny
00035Er 1  8A           	txa
00035Fr 1  91 rr        	sta     (sp),y
000361r 1  A0 18        	ldy     #$18
000363r 1  20 rr rr     	jsr     ldaxysp
000366r 1  38           	sec
000367r 1  E9 01        	sbc     #$01
000369r 1  B0 01        	bcs     L00EB
00036Br 1  CA           	dex
00036Cr 1  A0 02        L00EB:	ldy     #$02
00036Er 1  91 rr        	sta     (sp),y
000370r 1  C8           	iny
000371r 1  8A           	txa
000372r 1  91 rr        	sta     (sp),y
000374r 1  A0 1A        	ldy     #$1A
000376r 1  20 rr rr     	jsr     ldaxysp
000379r 1  1A           	ina
00037Ar 1  D0 01        	bne     L00ED
00037Cr 1  E8           	inx
00037Dr 1  92 rr        L00ED:	sta     (sp)
00037Fr 1  A0 01        	ldy     #$01
000381r 1  8A           	txa
000382r 1  91 rr        	sta     (sp),y
000384r 1  A0 18        	ldy     #$18
000386r 1  20 rr rr     	jsr     ldaxysp
000389r 1  1A           	ina
00038Ar 1  D0 01        	bne     L00EF
00038Cr 1  E8           	inx
00038Dr 1  20 rr rr     L00EF:	jsr     _tgi_bar
000390r 1  A0 0A        	ldy     #$0A
000392r 1  20 rr rr     	jsr     ldaxysp
000395r 1  38           	sec
000396r 1  E9 01        	sbc     #$01
000398r 1  B0 01        	bcs     L00F1
00039Ar 1  CA           	dex
00039Br 1  A0 09        L00F1:	ldy     #$09
00039Dr 1  20 rr rr     	jsr     staxysp
0003A0r 1  80 14        	bra     L00F2
0003A2r 1  A0 08        L00E3:	ldy     #$08
0003A4r 1  B1 rr        	lda     (sp),y
0003A6r 1  20 rr rr     	jsr     _tgi_setcolor
0003A9r 1  A0 16        	ldy     #$16
0003ABr 1  20 rr rr     	jsr     pushwysp
0003AEr 1  A0 14        	ldy     #$14
0003B0r 1  20 rr rr     	jsr     ldaxysp
0003B3r 1  20 rr rr     	jsr     _tgi_setpixel
0003B6r 1  9C rr rr     L00F2:	stz     _drawPending
0003B9r 1  A0 16        L00E1:	ldy     #$16
0003BBr 1  20 rr rr     	jsr     pushwysp
0003BEr 1  A0 14        	ldy     #$14
0003C0r 1  20 rr rr     	jsr     ldaxysp
0003C3r 1  20 rr rr     	jsr     _tgi_getpixel
0003C6r 1  92 rr        	sta     (sp)
0003C8r 1  A0 07        	ldy     #$07
0003CAr 1  B1 rr        	lda     (sp),y
0003CCr 1  38           	sec
0003CDr 1  E9 01        	sbc     #$01
0003CFr 1  52 rr        	eor     (sp)
0003D1r 1  20 rr rr     	jsr     _tgi_setcolor
0003D4r 1  A0 16        	ldy     #$16
0003D6r 1  20 rr rr     	jsr     pushwysp
0003D9r 1  A0 14        	ldy     #$14
0003DBr 1  20 rr rr     	jsr     ldaxysp
0003DEr 1  20 rr rr     	jsr     _tgi_setpixel
0003E1r 1  A2 00        	ldx     #$00
0003E3r 1  A9 C8        	lda     #$C8
0003E5r 1  20 rr rr     	jsr     pushax
0003E8r 1  20 rr rr     	jsr     _usleep
0003EBr 1  B2 rr        	lda     (sp)
0003EDr 1  20 rr rr     	jsr     _tgi_setcolor
0003F0r 1  A0 16        	ldy     #$16
0003F2r 1  20 rr rr     	jsr     pushwysp
0003F5r 1  A0 14        	ldy     #$14
0003F7r 1  20 rr rr     	jsr     ldaxysp
0003FAr 1  20 rr rr     	jsr     _tgi_setpixel
0003FDr 1  A2 00        	ldx     #$00
0003FFr 1  A9 C8        	lda     #$C8
000401r 1  20 rr rr     	jsr     pushax
000404r 1  20 rr rr     	jsr     _usleep
000407r 1  20 rr rr     	jsr     _kbhit
00040Ar 1  AA           	tax
00040Br 1  F0 76        	beq     L0112
00040Dr 1  20 rr rr     	jsr     _cgetc
000410r 1  C9 31        	cmp     #$31
000412r 1  F0 37        	beq     L011F
000414r 1  C9 32        	cmp     #$32
000416r 1  F0 4F        	beq     L0125
000418r 1  C9 46        	cmp     #$46
00041Ar 1  F0 06        	beq     L0114
00041Cr 1  C9 52        	cmp     #$52
00041Er 1  F0 0F        	beq     L0119
000420r 1  80 61        	bra     L0112
000422r 1  A9 01        L0114:	lda     #$01
000424r 1  20 rr rr     	jsr     pusha
000427r 1  A2 00        	ldx     #$00
000429r 1  8A           	txa
00042Ar 1  20 rr rr     	jsr     _tgi_ioctl
00042Dr 1  80 54        	bra     L0112
00042Fr 1  20 rr rr     L0119:	jsr     _silence
000432r 1  A2 00        	ldx     #$00
000434r 1  A9 01        	lda     #$01
000436r 1  20 rr rr     	jsr     pushax
000439r 1  AD rr rr     	lda     _drawpage
00043Cr 1  20 rr rr     	jsr     tossubax
00043Fr 1  8D rr rr     	sta     _drawpage
000442r 1  A2 00        	ldx     #$00
000444r 1  A9 02        	lda     #$02
000446r 1  20 rr rr     	jsr     incsp3
000449r 1  80 3E        	bra     L0088
00044Br 1  20 rr rr     L011F:	jsr     _silence
00044Er 1  A2 00        	ldx     #$00
000450r 1  A9 01        	lda     #$01
000452r 1  20 rr rr     	jsr     pushax
000455r 1  AD rr rr     	lda     _drawpage
000458r 1  20 rr rr     	jsr     tossubax
00045Br 1  8D rr rr     	sta     _drawpage
00045Er 1  A2 00        	ldx     #$00
000460r 1  A9 64        	lda     #$64
000462r 1  20 rr rr     	jsr     incsp3
000465r 1  80 22        	bra     L0088
000467r 1  20 rr rr     L0125:	jsr     _silence
00046Ar 1  A2 00        	ldx     #$00
00046Cr 1  A9 01        	lda     #$01
00046Er 1  20 rr rr     	jsr     pushax
000471r 1  AD rr rr     	lda     _drawpage
000474r 1  20 rr rr     	jsr     tossubax
000477r 1  8D rr rr     	sta     _drawpage
00047Ar 1  A2 00        	ldx     #$00
00047Cr 1  A9 65        	lda     #$65
00047Er 1  20 rr rr     	jsr     incsp3
000481r 1  80 06        	bra     L0088
000483r 1  20 rr rr     L0112:	jsr     incsp3
000486r 1  4C rr rr     	jmp     L0087
000489r 1  A0 12        L0088:	ldy     #$12
00048Br 1  4C rr rr     	jmp     addysp
00048Er 1               
00048Er 1               .endproc
00048Er 1               
00048Er 1               
